c:\users\kbc16b12\documents\github\gff4m\tkengine\x64\debug\tkengine.pch
c:\users\kbc16b12\documents\github\gff4m\tkengine\x64\debug\tkengine.pdb
c:\users\kbc16b12\documents\github\gff4m\tkengine\x64\debug\tkengine.idb
c:\users\kbc16b12\documents\github\gff4m\tkengine\x64\debug\tkengineprecompile.obj
c:\users\kbc16b12\documents\github\gff4m\tkengine\x64\debug\tkengine.obj
c:\users\kbc16b12\documents\github\gff4m\tkengine\x64\debug\tkvector.obj
c:\users\kbc16b12\documents\github\gff4m\tkengine\x64\debug\tkparticle.obj
c:\users\kbc16b12\documents\github\gff4m\tkengine\x64\debug\tkparticleemitter.obj
c:\users\kbc16b12\documents\github\gff4m\tkengine\x64\debug\tkparticleresources.obj
c:\users\kbc16b12\documents\github\gff4m\tkengine\x64\debug\tkboxcollider.obj
c:\users\kbc16b12\documents\github\gff4m\tkengine\x64\debug\tkcapsulecollider.obj
c:\users\kbc16b12\documents\github\gff4m\tkengine\x64\debug\tkmeshcollider.obj
c:\users\kbc16b12\documents\github\gff4m\tkengine\x64\debug\tkphysics.obj
c:\users\kbc16b12\documents\github\gff4m\tkengine\x64\debug\tkrigidbody.obj
c:\users\kbc16b12\documents\github\gff4m\tkengine\x64\debug\tkspherecollider.obj
c:\users\kbc16b12\documents\github\gff4m\tkengine\x64\debug\tkrandom.obj
c:\users\kbc16b12\documents\github\gff4m\tkengine\x64\debug\tkskinmodeldatahandle.obj
c:\users\kbc16b12\documents\github\gff4m\tkengine\x64\debug\tkskinmodeldataresources.obj
c:\users\kbc16b12\documents\github\gff4m\tkengine\x64\debug\tkboxshape.obj
c:\users\kbc16b12\documents\github\gff4m\tkengine\x64\debug\tkshapebase.obj
c:\users\kbc16b12\documents\github\gff4m\tkengine\x64\debug\tksphereshape.obj
c:\users\kbc16b12\documents\github\gff4m\tkengine\x64\debug\tksoundengine.obj
c:\users\kbc16b12\documents\github\gff4m\tkengine\x64\debug\tksoundsource.obj
c:\users\kbc16b12\documents\github\gff4m\tkengine\x64\debug\tkwavefile.obj
c:\users\kbc16b12\documents\github\gff4m\tkengine\x64\debug\tkwavefilebank.obj
c:\users\kbc16b12\documents\github\gff4m\tkengine\x64\debug\tkblur.obj
c:\users\kbc16b12\documents\github\gff4m\tkengine\x64\debug\tkcamera.obj
c:\users\kbc16b12\documents\github\gff4m\tkengine\x64\debug\tkeffect.obj
c:\users\kbc16b12\documents\github\gff4m\tkengine\x64\debug\tkeffectmanager.obj
c:\users\kbc16b12\documents\github\gff4m\tkengine\x64\debug\tkfont.obj
c:\users\kbc16b12\documents\github\gff4m\tkengine\x64\debug\tkgaussianblur.obj
c:\users\kbc16b12\documents\github\gff4m\tkengine\x64\debug\tkindexbuffer.obj
c:\users\kbc16b12\documents\github\gff4m\tkengine\x64\debug\tkprimitive.obj
c:\users\kbc16b12\documents\github\gff4m\tkengine\x64\debug\tkrendercommandbuffer.obj
c:\users\kbc16b12\documents\github\gff4m\tkengine\x64\debug\tkrendercontext.obj
c:\users\kbc16b12\documents\github\gff4m\tkengine\x64\debug\tkrendertarget.obj
c:\users\kbc16b12\documents\github\gff4m\tkengine\x64\debug\tkskinmodel.obj
c:\users\kbc16b12\documents\github\gff4m\tkengine\x64\debug\tkskinmodeldata.obj
c:\users\kbc16b12\documents\github\gff4m\tkengine\x64\debug\tkskinmodelmaterial.obj
c:\users\kbc16b12\documents\github\gff4m\tkengine\x64\debug\tktexture.obj
c:\users\kbc16b12\documents\github\gff4m\tkengine\x64\debug\tkvertexbuffer.obj
c:\users\kbc16b12\documents\github\gff4m\tkengine\x64\debug\tkkeyinput.obj
c:\users\kbc16b12\documents\github\gff4m\tkengine\x64\debug\tkpad.obj
c:\users\kbc16b12\documents\github\gff4m\tkengine\x64\debug\tkmath.obj
c:\users\kbc16b12\documents\github\gff4m\tkengine\x64\debug\tkmatrix.obj
c:\users\kbc16b12\documents\github\gff4m\tkengine\x64\debug\tkengine.tlog\cl.command.1.tlog
c:\users\kbc16b12\documents\github\gff4m\tkengine\x64\debug\tkengine.tlog\cl.read.1.tlog
c:\users\kbc16b12\documents\github\gff4m\tkengine\x64\debug\tkengine.tlog\cl.write.1.tlog
