<<<<<<< HEAD
c:\users\kbc16b15\desktop\github\gff4m\tkengine\bulletphysics\src\bulletsoftbody\x64\release\btsoftsoftcollisionalgorithm.obj
c:\users\kbc16b15\desktop\github\gff4m\tkengine\bulletphysics\src\bulletsoftbody\x64\release\btsoftrigiddynamicsworld.obj
c:\users\kbc16b15\desktop\github\gff4m\tkengine\bulletphysics\src\bulletsoftbody\x64\release\btsoftrigidcollisionalgorithm.obj
c:\users\kbc16b15\desktop\github\gff4m\tkengine\bulletphysics\src\bulletsoftbody\x64\release\btsoftbodyrigidbodycollisionconfiguration.obj
c:\users\kbc16b15\desktop\github\gff4m\tkengine\bulletphysics\src\bulletsoftbody\x64\release\btsoftbodyhelpers.obj
c:\users\kbc16b15\desktop\github\gff4m\tkengine\bulletphysics\src\bulletsoftbody\x64\release\btsoftbodyconcavecollisionalgorithm.obj
c:\users\kbc16b15\desktop\github\gff4m\tkengine\bulletphysics\src\bulletsoftbody\x64\release\btsoftbody.obj
c:\users\kbc16b15\desktop\github\gff4m\tkengine\bulletphysics\src\bulletsoftbody\x64\release\btdefaultsoftbodysolver.obj
c:\users\kbc16b15\desktop\github\gff4m\game\x64\release\bulletsoftbody.lib
c:\users\kbc16b15\desktop\github\gff4m\tkengine\bulletphysics\src\bulletsoftbody\x64\release\bulletsoftbody.tlog\cl.command.1.tlog
c:\users\kbc16b15\desktop\github\gff4m\tkengine\bulletphysics\src\bulletsoftbody\x64\release\bulletsoftbody.tlog\cl.read.1.tlog
c:\users\kbc16b15\desktop\github\gff4m\tkengine\bulletphysics\src\bulletsoftbody\x64\release\bulletsoftbody.tlog\cl.write.1.tlog
c:\users\kbc16b15\desktop\github\gff4m\tkengine\bulletphysics\src\bulletsoftbody\x64\release\bulletsoftbody.tlog\lib-link.read.1.tlog
c:\users\kbc16b15\desktop\github\gff4m\tkengine\bulletphysics\src\bulletsoftbody\x64\release\bulletsoftbody.tlog\lib-link.write.1.tlog
c:\users\kbc16b15\desktop\github\gff4m\tkengine\bulletphysics\src\bulletsoftbody\x64\release\bulletsoftbody.tlog\lib.command.1.tlog
=======
c:\users\kbc16b12\documents\github\gff4m\tkengine\bulletphysics\src\bulletsoftbody\x64\release\btsoftsoftcollisionalgorithm.obj
c:\users\kbc16b12\documents\github\gff4m\tkengine\bulletphysics\src\bulletsoftbody\x64\release\btsoftrigiddynamicsworld.obj
c:\users\kbc16b12\documents\github\gff4m\tkengine\bulletphysics\src\bulletsoftbody\x64\release\btsoftrigidcollisionalgorithm.obj
c:\users\kbc16b12\documents\github\gff4m\tkengine\bulletphysics\src\bulletsoftbody\x64\release\btsoftbodyrigidbodycollisionconfiguration.obj
c:\users\kbc16b12\documents\github\gff4m\tkengine\bulletphysics\src\bulletsoftbody\x64\release\btsoftbodyhelpers.obj
c:\users\kbc16b12\documents\github\gff4m\tkengine\bulletphysics\src\bulletsoftbody\x64\release\btsoftbodyconcavecollisionalgorithm.obj
c:\users\kbc16b12\documents\github\gff4m\tkengine\bulletphysics\src\bulletsoftbody\x64\release\btsoftbody.obj
c:\users\kbc16b12\documents\github\gff4m\tkengine\bulletphysics\src\bulletsoftbody\x64\release\btdefaultsoftbodysolver.obj
c:\users\kbc16b12\documents\github\gff4m\game\x64\release\bulletsoftbody.lib
c:\users\kbc16b12\documents\github\gff4m\tkengine\bulletphysics\src\bulletsoftbody\x64\release\bulletsoftbody.tlog\cl.command.1.tlog
c:\users\kbc16b12\documents\github\gff4m\tkengine\bulletphysics\src\bulletsoftbody\x64\release\bulletsoftbody.tlog\cl.read.1.tlog
c:\users\kbc16b12\documents\github\gff4m\tkengine\bulletphysics\src\bulletsoftbody\x64\release\bulletsoftbody.tlog\cl.write.1.tlog
c:\users\kbc16b12\documents\github\gff4m\tkengine\bulletphysics\src\bulletsoftbody\x64\release\bulletsoftbody.tlog\lib-link.read.1.tlog
c:\users\kbc16b12\documents\github\gff4m\tkengine\bulletphysics\src\bulletsoftbody\x64\release\bulletsoftbody.tlog\lib-link.write.1.tlog
c:\users\kbc16b12\documents\github\gff4m\tkengine\bulletphysics\src\bulletsoftbody\x64\release\bulletsoftbody.tlog\lib.command.1.tlog
>>>>>>> 58c5fd91199a2a4b1333325f8397f248375f2120
