c:\users\kbc16b12\documents\github\gff4m\game\game\x64\debug\game.pch
c:\users\kbc16b12\documents\github\gff4m\game\game\x64\debug\vc140.pdb
c:\users\kbc16b12\documents\github\gff4m\game\game\x64\debug\vc140.idb
c:\users\kbc16b12\documents\github\gff4m\game\game\x64\debug\stdafx.obj
c:\users\kbc16b12\documents\github\gff4m\game\game\x64\debug\camera.obj
c:\users\kbc16b12\documents\github\gff4m\game\game\x64\debug\enemy.obj
c:\users\kbc16b12\documents\github\gff4m\game\game\x64\debug\load.obj
c:\users\kbc16b12\documents\github\gff4m\game\game\x64\debug\main.obj
c:\users\kbc16b12\documents\github\gff4m\game\game\x64\debug\map.obj
c:\users\kbc16b12\documents\github\gff4m\game\game\x64\debug\mapchip.obj
c:\users\kbc16b12\documents\github\gff4m\game\game\x64\debug\modelhandle.obj
c:\users\kbc16b12\documents\github\gff4m\game\game\x64\debug\player.obj
c:\users\kbc16b12\documents\github\gff4m\game\game\x64\debug\scene.obj
c:\users\kbc16b12\documents\github\gff4m\game\game\x64\debug\start.obj
c:\users\kbc16b12\documents\github\gff4m\game\x64\debug\game.ilk
c:\users\kbc16b12\documents\github\gff4m\game\x64\debug\game.exe
c:\users\kbc16b12\documents\github\gff4m\game\x64\debug\game.pdb
c:\users\kbc16b12\documents\github\gff4m\game\game\x64\debug\game.tlog\cl.command.1.tlog
c:\users\kbc16b12\documents\github\gff4m\game\game\x64\debug\game.tlog\cl.read.1.tlog
c:\users\kbc16b12\documents\github\gff4m\game\game\x64\debug\game.tlog\cl.write.1.tlog
c:\users\kbc16b12\documents\github\gff4m\game\game\x64\debug\game.tlog\link.command.1.tlog
c:\users\kbc16b12\documents\github\gff4m\game\game\x64\debug\game.tlog\link.read.1.tlog
c:\users\kbc16b12\documents\github\gff4m\game\game\x64\debug\game.tlog\link.write.1.tlog
