c:\users\kbc16b12\documents\github\gff4m\tkengine\bulletphysics\src\bulletcollision\x64\debug\bulletcollision.pdb
c:\users\kbc16b12\documents\github\gff4m\tkengine\bulletphysics\src\bulletcollision\x64\debug\btcompoundcompoundcollisionalgorithm.obj
c:\users\kbc16b12\documents\github\gff4m\tkengine\bulletphysics\src\bulletcollision\x64\debug\btcompoundcollisionalgorithm.obj
c:\users\kbc16b12\documents\github\gff4m\tkengine\bulletphysics\src\bulletcollision\x64\debug\btcollisionworldimporter.obj
c:\users\kbc16b12\documents\github\gff4m\tkengine\bulletphysics\src\bulletcollision\x64\debug\btcollisionworld.obj
c:\users\kbc16b12\documents\github\gff4m\tkengine\bulletphysics\src\bulletcollision\x64\debug\btcollisionobject.obj
c:\users\kbc16b12\documents\github\gff4m\tkengine\bulletphysics\src\bulletcollision\x64\debug\btcollisiondispatcher.obj
c:\users\kbc16b12\documents\github\gff4m\tkengine\bulletphysics\src\bulletcollision\x64\debug\btboxboxdetector.obj
c:\users\kbc16b12\documents\github\gff4m\tkengine\bulletphysics\src\bulletcollision\x64\debug\btboxboxcollisionalgorithm.obj
c:\users\kbc16b12\documents\github\gff4m\tkengine\bulletphysics\src\bulletcollision\x64\debug\btbox2dbox2dcollisionalgorithm.obj
c:\users\kbc16b12\documents\github\gff4m\tkengine\bulletphysics\src\bulletcollision\x64\debug\btactivatingcollisionalgorithm.obj
c:\users\kbc16b12\documents\github\gff4m\tkengine\bulletphysics\src\bulletcollision\x64\debug\btsimplebroadphase.obj
c:\users\kbc16b12\documents\github\gff4m\tkengine\bulletphysics\src\bulletcollision\x64\debug\btquantizedbvh.obj
c:\users\kbc16b12\documents\github\gff4m\tkengine\bulletphysics\src\bulletcollision\x64\debug\btoverlappingpaircache.obj
c:\users\kbc16b12\documents\github\gff4m\tkengine\bulletphysics\src\bulletcollision\x64\debug\btmultisapbroadphase.obj
c:\users\kbc16b12\documents\github\gff4m\tkengine\bulletphysics\src\bulletcollision\x64\debug\btdispatcher.obj
c:\users\kbc16b12\documents\github\gff4m\tkengine\bulletphysics\src\bulletcollision\x64\debug\btdbvtbroadphase.obj
c:\users\kbc16b12\documents\github\gff4m\tkengine\bulletphysics\src\bulletcollision\x64\debug\btdbvt.obj
c:\users\kbc16b12\documents\github\gff4m\tkengine\bulletphysics\src\bulletcollision\x64\debug\btcollisionalgorithm.obj
c:\users\kbc16b12\documents\github\gff4m\tkengine\bulletphysics\src\bulletcollision\x64\debug\btbroadphaseproxy.obj
c:\users\kbc16b12\documents\github\gff4m\tkengine\bulletphysics\src\bulletcollision\x64\debug\btaxissweep3.obj
c:\users\kbc16b12\documents\github\gff4m\tkengine\bulletphysics\src\bulletcollision\x64\debug\bulletcollision.tlog\cl.command.1.tlog
c:\users\kbc16b12\documents\github\gff4m\tkengine\bulletphysics\src\bulletcollision\x64\debug\bulletcollision.tlog\cl.read.1.tlog
c:\users\kbc16b12\documents\github\gff4m\tkengine\bulletphysics\src\bulletcollision\x64\debug\bulletcollision.tlog\cl.write.1.tlog
