<<<<<<< HEAD
c:\users\kbc16b15\desktop\github\gff4m\tkengine\bulletphysics\src\linearmath\x64\release\btvector3.obj
c:\users\kbc16b15\desktop\github\gff4m\tkengine\bulletphysics\src\linearmath\x64\release\btserializer.obj
c:\users\kbc16b15\desktop\github\gff4m\tkengine\bulletphysics\src\linearmath\x64\release\btquickprof.obj
c:\users\kbc16b15\desktop\github\gff4m\tkengine\bulletphysics\src\linearmath\x64\release\btpolardecomposition.obj
c:\users\kbc16b15\desktop\github\gff4m\tkengine\bulletphysics\src\linearmath\x64\release\btgeometryutil.obj
c:\users\kbc16b15\desktop\github\gff4m\tkengine\bulletphysics\src\linearmath\x64\release\btconvexhullcomputer.obj
c:\users\kbc16b15\desktop\github\gff4m\tkengine\bulletphysics\src\linearmath\x64\release\btconvexhull.obj
c:\users\kbc16b15\desktop\github\gff4m\tkengine\bulletphysics\src\linearmath\x64\release\btalignedallocator.obj
c:\users\kbc16b15\desktop\github\gff4m\game\x64\release\linearmath.lib
c:\users\kbc16b15\desktop\github\gff4m\tkengine\bulletphysics\src\linearmath\x64\release\linearmath.tlog\cl.command.1.tlog
c:\users\kbc16b15\desktop\github\gff4m\tkengine\bulletphysics\src\linearmath\x64\release\linearmath.tlog\cl.read.1.tlog
c:\users\kbc16b15\desktop\github\gff4m\tkengine\bulletphysics\src\linearmath\x64\release\linearmath.tlog\cl.write.1.tlog
c:\users\kbc16b15\desktop\github\gff4m\tkengine\bulletphysics\src\linearmath\x64\release\linearmath.tlog\lib-link.read.1.tlog
c:\users\kbc16b15\desktop\github\gff4m\tkengine\bulletphysics\src\linearmath\x64\release\linearmath.tlog\lib-link.write.1.tlog
c:\users\kbc16b15\desktop\github\gff4m\tkengine\bulletphysics\src\linearmath\x64\release\linearmath.tlog\lib.command.1.tlog
=======
c:\users\kbc16b12\documents\github\gff4m\tkengine\bulletphysics\src\linearmath\x64\release\btvector3.obj
c:\users\kbc16b12\documents\github\gff4m\tkengine\bulletphysics\src\linearmath\x64\release\btserializer.obj
c:\users\kbc16b12\documents\github\gff4m\tkengine\bulletphysics\src\linearmath\x64\release\btquickprof.obj
c:\users\kbc16b12\documents\github\gff4m\tkengine\bulletphysics\src\linearmath\x64\release\btpolardecomposition.obj
c:\users\kbc16b12\documents\github\gff4m\tkengine\bulletphysics\src\linearmath\x64\release\btgeometryutil.obj
c:\users\kbc16b12\documents\github\gff4m\tkengine\bulletphysics\src\linearmath\x64\release\btconvexhullcomputer.obj
c:\users\kbc16b12\documents\github\gff4m\tkengine\bulletphysics\src\linearmath\x64\release\btconvexhull.obj
c:\users\kbc16b12\documents\github\gff4m\tkengine\bulletphysics\src\linearmath\x64\release\btalignedallocator.obj
c:\users\kbc16b12\documents\github\gff4m\game\x64\release\linearmath.lib
c:\users\kbc16b12\documents\github\gff4m\tkengine\bulletphysics\src\linearmath\x64\release\linearmath.tlog\cl.command.1.tlog
c:\users\kbc16b12\documents\github\gff4m\tkengine\bulletphysics\src\linearmath\x64\release\linearmath.tlog\cl.read.1.tlog
c:\users\kbc16b12\documents\github\gff4m\tkengine\bulletphysics\src\linearmath\x64\release\linearmath.tlog\cl.write.1.tlog
c:\users\kbc16b12\documents\github\gff4m\tkengine\bulletphysics\src\linearmath\x64\release\linearmath.tlog\lib-link.read.1.tlog
c:\users\kbc16b12\documents\github\gff4m\tkengine\bulletphysics\src\linearmath\x64\release\linearmath.tlog\lib-link.write.1.tlog
c:\users\kbc16b12\documents\github\gff4m\tkengine\bulletphysics\src\linearmath\x64\release\linearmath.tlog\lib.command.1.tlog
>>>>>>> 58c5fd91199a2a4b1333325f8397f248375f2120
